<?xml version="1.0" encoding="UTF-8"?>
<!-- Generated by org.testng.reporters.JUnitReportReporter -->
<testsuite skipped="0" hostname="Siddharth-PC" name="com.qa.testCases.LoginTest" tests="1" failures="0" timestamp="29 Nov 2018 07:19:59 GMT" time="0.046" errors="0">
  <testcase name="loginTest" time="0.046" classname="com.qa.testCases.LoginTest"/>
</testsuite> <!-- com.qa.testCases.LoginTest -->
